This is pdfTeX, Version 3.14159265-2.6-1.40.19 (TeX Live 2019/dev/Debian) (preloaded format=latex 2018.10.26)  26 OCT 2018 16:58
entering extended mode
 restricted \write18 enabled.
 %&-line parsing enabled.
**\nonstopmode\input supplement.tex
(./supplement.tex (/usr/share/texlive/texmf-dist/tex/latex/base/article.cls
Document Class: article 2014/09/29 v1.4h Standard LaTeX document class
(/usr/share/texlive/texmf-dist/tex/latex/base/size12.clo
File: size12.clo 2014/09/29 v1.4h Standard LaTeX file (size option)
)
\c@part=\count80
\c@section=\count81
\c@subsection=\count82
\c@subsubsection=\count83
\c@paragraph=\count84
\c@subparagraph=\count85
\c@figure=\count86
\c@table=\count87
\abovecaptionskip=\skip41
\belowcaptionskip=\skip42
\bibindent=\dimen102
) (./october.sty
(/usr/share/texlive/texmf-dist/tex/latex/setspace/setspace.sty
Package: setspace 2011/12/19 v6.7a set line spacing
)
(/usr/share/texlive/texmf-dist/tex/latex/base/alltt.sty
Package: alltt 1997/06/16 v2.0g defines alltt environment
)
(/usr/share/texlive/texmf-dist/tex/latex/amsfonts/amsfonts.sty
Package: amsfonts 2013/01/14 v3.01 Basic AMSFonts support
\@emptytoks=\toks14
\symAMSa=\mathgroup4
\symAMSb=\mathgroup5
LaTeX Font Info:    Overwriting math alphabet `\mathfrak' in version `bold'
(Font)                  U/euf/m/n --> U/euf/b/n on input line 106.
)
(/usr/share/texlive/texmf-dist/tex/latex/amsfonts/amssymb.sty
Package: amssymb 2013/01/14 v3.01 AMS font symbols
)
(/usr/share/texlive/texmf-dist/tex/latex/amsmath/amsmath.sty
Package: amsmath 2017/09/02 v2.17a AMS math features
\@mathmargin=\skip43

For additional information on amsmath, use the `?' option.
(/usr/share/texlive/texmf-dist/tex/latex/amsmath/amstext.sty
Package: amstext 2000/06/29 v2.01 AMS text

(/usr/share/texlive/texmf-dist/tex/latex/amsmath/amsgen.sty
File: amsgen.sty 1999/11/30 v2.0 generic functions
\@emptytoks=\toks15
\ex@=\dimen103
))
(/usr/share/texlive/texmf-dist/tex/latex/amsmath/amsbsy.sty
Package: amsbsy 1999/11/29 v1.2d Bold Symbols
\pmbraise@=\dimen104
)
(/usr/share/texlive/texmf-dist/tex/latex/amsmath/amsopn.sty
Package: amsopn 2016/03/08 v2.02 operator names
)
\inf@bad=\count88
LaTeX Info: Redefining \frac on input line 213.
\uproot@=\count89
\leftroot@=\count90
LaTeX Info: Redefining \overline on input line 375.
\classnum@=\count91
\DOTSCASE@=\count92
LaTeX Info: Redefining \ldots on input line 472.
LaTeX Info: Redefining \dots on input line 475.
LaTeX Info: Redefining \cdots on input line 596.
\Mathstrutbox@=\box26
\strutbox@=\box27
\big@size=\dimen105
LaTeX Font Info:    Redeclaring font encoding OML on input line 712.
LaTeX Font Info:    Redeclaring font encoding OMS on input line 713.
\macc@depth=\count93
\c@MaxMatrixCols=\count94
\dotsspace@=\muskip10
\c@parentequation=\count95
\dspbrk@lvl=\count96
\tag@help=\toks16
\row@=\count97
\column@=\count98
\maxfields@=\count99
\andhelp@=\toks17
\eqnshift@=\dimen106
\alignsep@=\dimen107
\tagshift@=\dimen108
\tagwidth@=\dimen109
\totwidth@=\dimen110
\lineht@=\dimen111
\@envbody=\toks18
\multlinegap=\skip44
\multlinetaggap=\skip45
\mathdisplay@stack=\toks19
LaTeX Info: Redefining \[ on input line 2817.
LaTeX Info: Redefining \] on input line 2818.
)
(/usr/share/texlive/texmf-dist/tex/latex/xcolor/xcolor.sty
Package: xcolor 2016/05/11 v2.12 LaTeX color extensions (UK)

(/usr/share/texlive/texmf-dist/tex/latex/graphics-cfg/color.cfg
File: color.cfg 2016/01/02 v1.6 sample color configuration
)
Package xcolor Info: Driver file: dvips.def on input line 225.

(/usr/share/texlive/texmf-dist/tex/latex/graphics-def/dvips.def
File: dvips.def 2017/06/20 v3.1d Graphics/color driver for dvips
)
(/usr/share/texlive/texmf-dist/tex/latex/colortbl/colortbl.sty
Package: colortbl 2018/05/02 v1.0c Color table columns (DPC)

(/usr/share/texlive/texmf-dist/tex/latex/tools/array.sty
Package: array 2018/04/30 v2.4h Tabular extension package (FMi)
\col@sep=\dimen112
\ar@mcellbox=\box28
\extrarowheight=\dimen113
\NC@list=\toks20
\extratabsurround=\skip46
\backup@length=\skip47
\ar@cellbox=\box29
)
\everycr=\toks21
\minrowclearance=\skip48
)
\rownum=\count100
Package xcolor Info: Model `cmy' substituted by `cmy0' on input line 1348.
Package xcolor Info: Model `RGB' extended on input line 1364.
Package xcolor Info: Model `HTML' substituted by `rgb' on input line 1366.
Package xcolor Info: Model `Hsb' substituted by `hsb' on input line 1367.
Package xcolor Info: Model `tHsb' substituted by `hsb' on input line 1368.
Package xcolor Info: Model `HSB' substituted by `hsb' on input line 1369.
Package xcolor Info: Model `Gray' substituted by `gray' on input line 1370.
Package xcolor Info: Model `wave' substituted by `hsb' on input line 1371.
)
(/usr/share/texlive/texmf-dist/tex/latex/graphics/graphicx.sty
Package: graphicx 2017/06/01 v1.1a Enhanced LaTeX Graphics (DPC,SPQR)

(/usr/share/texlive/texmf-dist/tex/latex/graphics/keyval.sty
Package: keyval 2014/10/28 v1.15 key=value parser (DPC)
\KV@toks@=\toks22
)
(/usr/share/texlive/texmf-dist/tex/latex/graphics/graphics.sty
Package: graphics 2017/06/25 v1.2c Standard LaTeX Graphics (DPC,SPQR)

(/usr/share/texlive/texmf-dist/tex/latex/graphics/trig.sty
Package: trig 2016/01/03 v1.10 sin cos tan (DPC)
)
(/usr/share/texlive/texmf-dist/tex/latex/graphics-cfg/graphics.cfg
File: graphics.cfg 2016/06/04 v1.11 sample graphics configuration
)
Package graphics Info: Driver file: dvips.def on input line 99.
)
\Gin@req@height=\dimen114
\Gin@req@width=\dimen115
)
(/usr/share/texlive/texmf-dist/tex/latex/tools/enumerate.sty
Package: enumerate 2015/07/23 v3.00 enumerate extensions (DPC)
\@enLab=\toks23
)
(/usr/share/texlive/texmf-dist/tex/latex/amscls/amsthm.sty
Package: amsthm 2017/10/31 v2.20.4
\thm@style=\toks24
\thm@bodyfont=\toks25
\thm@headfont=\toks26
\thm@notefont=\toks27
\thm@headpunct=\toks28
\thm@preskip=\skip49
\thm@postskip=\skip50
\thm@headsep=\skip51
\dth@everypar=\toks29
)
\c@theorem=\count101
\c@example=\count102
\c@proposition=\count103
\c@corollary=\count104
\c@definition=\count105
\c@expls=\count106

(/usr/share/texlive/texmf-dist/tex/latex/natbib/natbib.sty
Package: natbib 2010/09/13 8.31b (PWD, AO)
\bibhang=\skip52
\bibsep=\skip53
LaTeX Info: Redefining \cite on input line 694.
\c@NAT@ctr=\count107
)) (./supplement.aux)
\openout1 = `supplement.aux'.

LaTeX Font Info:    Checking defaults for OML/cmm/m/it on input line 8.
LaTeX Font Info:    ... okay on input line 8.
LaTeX Font Info:    Checking defaults for T1/cmr/m/n on input line 8.
LaTeX Font Info:    ... okay on input line 8.
LaTeX Font Info:    Checking defaults for OT1/cmr/m/n on input line 8.
LaTeX Font Info:    ... okay on input line 8.
LaTeX Font Info:    Checking defaults for OMS/cmsy/m/n on input line 8.
LaTeX Font Info:    ... okay on input line 8.
LaTeX Font Info:    Checking defaults for OMX/cmex/m/n on input line 8.
LaTeX Font Info:    ... okay on input line 8.
LaTeX Font Info:    Checking defaults for U/cmr/m/n on input line 8.
LaTeX Font Info:    ... okay on input line 8.
LaTeX Font Info:    Try loading font information for U+msa on input line 16.
(/usr/share/texlive/texmf-dist/tex/latex/amsfonts/umsa.fd
File: umsa.fd 2013/01/14 v3.01 AMS symbols A
)
LaTeX Font Info:    Try loading font information for U+msb on input line 16.

(/usr/share/texlive/texmf-dist/tex/latex/amsfonts/umsb.fd
File: umsb.fd 2013/01/14 v3.01 AMS symbols B
) (./supplement.toc
[1

]
Overfull \hbox (24.71936pt too wide) in paragraph at lines 26--26
 [] []\OT1/cmr/bx/n/12 Bernhard Schutz: Ge-o-met-ri-cal Meth-ods of Math-e-mat-
i-cal Physics []  
 []

[2])
\tf@toc=\write3
\openout3 = `supplement.toc'.

 [3] [4]
Overfull \hbox (11.59045pt too wide) detected at line 176
 $[][]$  
 []

[5] [6] [7]
Overfull \hbox (0.20241pt too wide) in paragraph at lines 363--365
[]\OT1/cmr/bx/n/12 Lemma 1.6. []\OT1/cmr/m/n/12 The only self-dual con-vex dif-
fer-en-tiable func-tion on $\OMS/cmsy/m/n/12 P$ \OT1/cmr/m/n/12 is $\OML/cmm/m/
it/12 F\OT1/cmr/m/n/12 (\OML/cmm/m/it/12 x\OT1/cmr/m/n/12 ) =
 []

[8] [9]
Overfull \hbox (21.3518pt too wide) detected at line 444
 $[][]$  
 []

[10] [11] [12] [13]
LaTeX Font Info:    Try loading font information for OMS+cmr on input line 625.

 (/usr/share/texlive/texmf-dist/tex/latex/base/omscmr.fd
File: omscmr.fd 2014/09/29 v2.5h Standard LaTeX font definitions
)
LaTeX Font Info:    Font shape `OMS/cmr/m/n' in size <12> not available
(Font)              Font shape `OMS/cmsy/m/n' tried instead on input line 625.

Overfull \hbox (128.8551pt too wide) in paragraph at lines 637--642
\OT1/cmr/m/n/12 gence? The an-swer to this ques-tion is in The-o-rem I.D.5 in \
OT1/cmtt/m/n/12 richard-pettigrew-chapter-08.pdf\OT1/cmr/m/n/12 ,
 []

[14]
Overfull \hbox (2.61386pt too wide) in paragraph at lines 657--657
[]\OT1/cmr/bx/n/17.28 Jean-Daniel Bois-son-nat, Frank Nielsen, and
 []

[15]
Overfull \hbox (16.90778pt too wide) in paragraph at lines 732--732
[]\OT1/cmr/bx/n/17.28 Leonard Sav-age: Elic-i-ta-tion of Per-sonal Prob-
 []

[16] [17] [18]
Overfull \hbox (29.9002pt too wide) in paragraph at lines 843--843
[]  \OT1/cmtt/m/n/12 http://mathworld.wolfram.com/EulersHomogeneousFunctionTheo
rem.html[] 
 []


Overfull \hbox (6.99788pt too wide) in paragraph at lines 851--851
[]\OT1/cmr/bx/n/17.28 Arlo D. Hen-drick-son and Robert J. Buehler:
 []


Overfull \hbox (0.21262pt too wide) in paragraph at lines 857--862
\OT1/cmr/m/n/12 as usual an $\OML/cmm/m/it/12 n$\OT1/cmr/m/n/12 -dimensional ve
c-tor, but now so is $\OML/cmm/m/it/12 f\OT1/cmr/m/n/12 (\OML/cmm/m/it/12 q\OT1
/cmr/m/n/12 ) = (\OML/cmm/m/it/12 S\OT1/cmr/m/n/12 (\OML/cmm/m/it/12 x[]; q\OT1
/cmr/m/n/12 )\OML/cmm/m/it/12 ; []; S\OT1/cmr/m/n/12 (\OML/cmm/m/it/12 x[]; q\O
T1/cmr/m/n/12 ))$,
 []

[19]
Overfull \hbox (17.5502pt too wide) in paragraph at lines 908--908
[]\OT1/cmtt/m/n/12 http://mathworld.wolfram.com/EulersHomogeneousFunctionTheore
m.html[] 
 []

[20]
Overfull \hbox (11.5098pt too wide) in paragraph at lines 970--970
[]\OT1/cmr/bx/n/17.28 Gneiting and Raftery: Strictly Proper Scor-
 []

[21] [22]
Overfull \hbox (18.29982pt too wide) in paragraph at lines 1027--1027
[]\OT1/cmr/bx/n/17.28 Dawid, Lau-ritzen, Parry: Proper Lo-cal Scor-
 []


Overfull \hbox (7.29016pt too wide) in paragraph at lines 1037--1041
\OT1/cmr/m/n/12 first, fore-caster sec-ond. Proper scor-ing rules re-quire for 
$\OML/cmm/m/it/12 H\OT1/cmr/m/n/12 (\OML/cmm/m/it/12 P\OT1/cmr/m/n/12 ) = [][] 
\OML/cmm/m/it/12 S\OT1/cmr/m/n/12 (\OML/cmm/m/it/12 Q; P\OT1/cmr/m/n/12 )$ 
 []

[23] [24]
Overfull \hbox (5.19786pt too wide) in paragraph at lines 1116--1116
[]\OT1/cmr/bx/n/17.28 Richard Pet-ti-grew: Ac-cu-racy and the Laws
 []

[25] [26] [27] [28]
Overfull \hbox (23.7252pt too wide) in paragraph at lines 1311--1318
\OT1/cmtt/m/n/12 differential-equation-with-deviating-distributed-retarded-argu
ments 
 []


Overfull \hbox (5.2061pt too wide) in paragraph at lines 1339--1341
[]\OT1/cmr/m/n/12 The Brier score is proper; is the Kullback-Leibler Di-ver-gen
ce proper? 
 []

[29] [30] [31] [32] [33] [34] [35] [36] [37] [38] [39] [40] [41] [42] [43]
[44] [45] [46]
Overfull \hbox (2.12401pt too wide) in paragraph at lines 2162--2166
[]\OT1/cmr/m/n/12 is a ba-sis for $\OML/cmm/m/it/12 T[]M$\OT1/cmr/m/n/12 . Ther
e-fore, $[](\OML/cmm/m/it/12 M\OT1/cmr/m/n/12 ) = [](\OML/cmm/m/it/12 T[]M\OT1/
cmr/m/n/12 )$ and $[](\OML/cmm/m/it/12 N\OT1/cmr/m/n/12 ) = [](\OML/cmm/m/it/12
 T[]N\OT1/cmr/m/n/12 )$.
 []


Overfull \hbox (82.49588pt too wide) in paragraph at lines 2169--2169
[]  \OT1/cmtt/m/n/10 http://ksuweb.kennesaw.edu/~sellerme/sfehtml/classes/math3
260/isomorphicvectorspaces.pdf[] 
 []

[47] [48] [49] (./supplement.bbl) [50] (./supplement.aux) ) 
Here is how much of TeX's memory you used:
 2910 strings out of 494587
 34799 string characters out of 6177827
 101879 words of memory out of 5000000
 6522 multiletter control sequences out of 15000+600000
 13087 words of font info for 51 fonts, out of 8000000 for 9000
 14 hyphenation exceptions out of 8191
 48i,12n,37p,306b,214s stack positions out of 5000i,500n,10000p,200000b,80000s

Output written on supplement.dvi (50 pages, 137904 bytes).
